06-15 23:11 paramiko.transport DEBUG    starting thread (client mode): 0x89c1fd0L
06-15 23:11 paramiko.transport DEBUG    Local version/idstring: SSH-2.0-paramiko_2.2.0
06-15 23:11 paramiko.transport DEBUG    Remote version/idstring: SSH-2.0-OpenSSH_5.3
06-15 23:11 paramiko.transport INFO     Connected (version 2.0, client OpenSSH_5.3)
06-15 23:11 paramiko.transport DEBUG    kex algos:[u'diffie-hellman-group-exchange-sha256', u'diffie-hellman-group-exchange-sha1', u'diffie-hellman-group14-sha1', u'diffie-hellman-group1-sha1'] server key:[u'ssh-rsa', u'ssh-dss'] client encrypt:[u'aes128-ctr', u'aes192-ctr', u'aes256-ctr', u'arcfour256', u'arcfour128', u'aes128-cbc', u'3des-cbc', u'blowfish-cbc', u'cast128-cbc', u'aes192-cbc', u'aes256-cbc', u'arcfour', u'rijndael-cbc@lysator.liu.se'] server encrypt:[u'aes128-ctr', u'aes192-ctr', u'aes256-ctr', u'arcfour256', u'arcfour128', u'aes128-cbc', u'3des-cbc', u'blowfish-cbc', u'cast128-cbc', u'aes192-cbc', u'aes256-cbc', u'arcfour', u'rijndael-cbc@lysator.liu.se'] client mac:[u'hmac-md5', u'hmac-sha1', u'umac-64@openssh.com', u'hmac-sha2-256', u'hmac-sha2-512', u'hmac-ripemd160', u'hmac-ripemd160@openssh.com', u'hmac-sha1-96', u'hmac-md5-96'] server mac:[u'hmac-md5', u'hmac-sha1', u'umac-64@openssh.com', u'hmac-sha2-256', u'hmac-sha2-512', u'hmac-ripemd160', u'hmac-ripemd160@openssh.com', u'hmac-sha1-96', u'hmac-md5-96'] client compress:[u'none', u'zlib@openssh.com'] server compress:[u'none', u'zlib@openssh.com'] client lang:[u''] server lang:[u''] kex follows?False
06-15 23:11 paramiko.transport DEBUG    Kex agreed: diffie-hellman-group-exchange-sha256
06-15 23:11 paramiko.transport DEBUG    HostKey agreed: ssh-rsa
06-15 23:11 paramiko.transport DEBUG    Cipher agreed: aes128-ctr
06-15 23:11 paramiko.transport DEBUG    MAC agreed: hmac-sha2-256
06-15 23:11 paramiko.transport DEBUG    Compression agreed: none
06-15 23:11 paramiko.transport DEBUG    Got server p (2048 bits)
06-15 23:11 paramiko.transport DEBUG    kex engine KexGexSHA256 specified hash_algo <built-in function openssl_sha256>
06-15 23:11 paramiko.transport DEBUG    Switch to new keys ...
06-15 23:11 paramiko.transport DEBUG    Trying SSH key 30758962576d0b998df30e875ad78863
06-15 23:11 paramiko.transport DEBUG    userauth is OK
06-15 23:11 paramiko.transport INFO     Authentication (publickey) successful!
06-15 23:11 paramiko.transport DEBUG    [chan 0] Max packet in: 32768 bytes
06-15 23:11 paramiko.transport DEBUG    [chan 0] Max packet out: 32768 bytes
06-15 23:11 paramiko.transport DEBUG    Secsh channel 0 opened.
06-15 23:11 paramiko.transport DEBUG    [chan 0] Sesch channel 0 request ok
06-15 23:11 paramiko.transport DEBUG    [chan 0] EOF received (0)
